2025-11-22 18:08:19,096 - INFO - === GÜVENLİK SIMÜLASYONU BAŞLIYOR ===
2025-11-22 18:08:19,308 - INFO - [CSMS] KABUL EDİLDİ: 1010.73Wh
2025-11-22 18:08:19,511 - INFO - [CSMS] KABUL EDİLDİ: 1021.31Wh
2025-11-22 18:08:19,715 - INFO - [CSMS] KABUL EDİLDİ: 1031.52Wh
2025-11-22 18:08:19,917 - INFO - [CSMS] KABUL EDİLDİ: 1041.09Wh
2025-11-22 18:08:20,121 - INFO - [CSMS] KABUL EDİLDİ: 1051.04Wh
2025-11-22 18:08:20,121 - INFO - [SALDIRGAN] Geçerli paket yakalandı.
2025-11-22 18:08:20,324 - INFO - [CSMS] KABUL EDİLDİ: 1060.81Wh
2025-11-22 18:08:20,524 - INFO - [CSMS] KABUL EDİLDİ: 1070.89Wh
2025-11-22 18:08:20,741 - INFO - [SALDIRGAN] TEKRAR GÖNDERİM paketi gönderiliyor...
2025-11-22 18:08:20,741 - WARNING - [UYARI] Tekrar Saldırısı | Engellendi = True | Sebep: İmza tekrar kullanıldı
2025-11-22 18:08:20,957 - INFO - [CSMS] KABUL EDİLDİ: 1080.25Wh
2025-11-22 18:08:21,162 - INFO - [CSMS] KABUL EDİLDİ: 1089.27Wh
2025-11-22 18:08:21,362 - INFO - [CSMS] KABUL EDİLDİ: 1099.13Wh
2025-11-22 18:08:21,564 - INFO - [SALDIRGAN] ZAMAN DAMGASI MANİPÜLASYON paketi gönderiliyor...
2025-11-22 18:08:21,565 - WARNING - [UYARI] Tekrar Saldırısı | Engellendi = True | Sebep: İmza tekrar kullanıldı
2025-11-22 18:08:21,768 - INFO - [CSMS] KABUL EDİLDİ: 1109.99Wh
2025-11-22 18:08:21,970 - INFO - [CSMS] KABUL EDİLDİ: 1119.92Wh
2025-11-22 18:08:22,173 - INFO - [CSMS] KABUL EDİLDİ: 1130.77Wh
2025-11-22 18:08:22,376 - INFO - [CSMS] KABUL EDİLDİ: 1140.62Wh
2025-11-22 18:08:22,578 - INFO - [CSMS] KABUL EDİLDİ: 1151.39Wh
2025-11-22 18:08:22,781 - INFO - [CSMS] KABUL EDİLDİ: 1160.97Wh
2025-11-22 18:08:22,985 - INFO - [CSMS] KABUL EDİLDİ: 1171.0Wh
2025-11-22 18:08:22,986 - INFO - Güvenlik raporu kaydedildi: logs\security_report_20251122_180819.json
2025-11-22 18:08:22,986 - INFO - === SIMÜLASYON TAMAMLANDI ===
